TN:
SF:src/modules/products/infra/typeorm/entities/Product.ts
FN:21,Product
FNF:1
FNH:1
FNDA:2,Product
DA:1,1
DA:2,1
DA:3,1
DA:4,1
DA:5,1
DA:6,1
DA:7,1
DA:8,1
DA:9,1
DA:10,1
DA:11,1
DA:12,1
DA:13,1
DA:14,1
DA:15,1
DA:16,1
DA:17,1
DA:18,1
DA:19,1
DA:20,1
DA:21,1
DA:22,2
DA:23,2
DA:24,1
DA:25,1
DA:26,1
LF:26
LH:26
BRDA:21,0,0,2
BRF:1
BRH:1
end_of_record
TN:
SF:src/modules/products/repositories/inMemory/ProductsRepositoryInMemory.ts
FN:6,ProductsRepositoryInMemory
FN:10,create
FN:27,findOneById
FN:32,updateProduct
FN:43,findAll
FNF:5
FNH:4
FNDA:2,ProductsRepositoryInMemory
FNDA:2,create
FNDA:1,findOneById
FNDA:1,updateProduct
FNDA:0,findAll
DA:1,1
DA:2,1
DA:3,1
DA:4,1
DA:5,1
DA:6,2
DA:7,2
DA:8,2
DA:9,2
DA:10,2
DA:11,2
DA:12,2
DA:13,2
DA:14,2
DA:15,2
DA:16,2
DA:17,2
DA:18,2
DA:19,2
DA:20,2
DA:21,2
DA:22,2
DA:23,2
DA:24,2
DA:25,2
DA:26,2
DA:27,2
DA:28,1
DA:29,1
DA:30,1
DA:31,2
DA:32,2
DA:33,1
DA:34,1
DA:35,1
DA:36,1
DA:37,1
DA:38,1
DA:39,1
DA:40,1
DA:41,1
DA:42,2
DA:43,2
DA:44,0
DA:45,0
DA:46,2
DA:47,2
DA:48,1
DA:49,1
LF:49
LH:47
BRDA:6,0,0,2
BRDA:10,1,0,2
BRDA:27,2,0,1
BRDA:28,3,0,1
BRDA:32,4,0,1
BRDA:33,5,0,1
BRF:6
BRH:6
end_of_record
TN:
SF:src/modules/products/useCases/createProduct/CreateProductUseCase.ts
FN:9,CreateProductUseCase
FN:14,execute
FNF:2
FNH:2
FNDA:2,CreateProductUseCase
FNDA:2,execute
DA:1,1
DA:2,1
DA:3,1
DA:4,1
DA:5,1
DA:6,1
DA:7,1
DA:8,1
DA:9,1
DA:10,2
DA:11,2
DA:12,2
DA:13,1
DA:14,1
DA:15,2
DA:16,2
DA:17,2
DA:18,2
DA:19,2
DA:20,2
DA:21,2
DA:22,2
DA:23,2
DA:24,2
DA:25,2
DA:26,2
DA:27,2
DA:28,2
DA:29,1
DA:30,1
DA:31,1
LF:31
LH:31
BRDA:9,0,0,2
BRDA:14,1,0,2
BRF:2
BRH:2
end_of_record
TN:
SF:src/modules/products/useCases/updateProduct/UpdateProductUseCase.ts
FN:8,UpdateProductUseCase
FN:13,execute
FNF:2
FNH:2
FNDA:1,UpdateProductUseCase
FNDA:1,execute
DA:1,1
DA:2,1
DA:3,1
DA:4,1
DA:5,1
DA:6,1
DA:7,1
DA:8,1
DA:9,1
DA:10,1
DA:11,1
DA:12,1
DA:13,1
DA:14,1
DA:15,1
DA:16,1
DA:17,1
DA:18,1
DA:19,1
DA:20,1
DA:21,1
LF:21
LH:21
BRDA:8,0,0,1
BRDA:13,1,0,1
BRDA:15,2,0,0
BRF:3
BRH:2
end_of_record
